빌드 시작: 2013-10-12 오후 4:42:47
     1>2 노드의 "C:\cygwin\home\SocRobot\Manager\vsproject\Manager\Manager.vcxproj" 프로젝트(build 대상)입니다.
     1>InitializeBuildStatus:
         "Debug\Manager.unsuccessfulbuild"에 연결(touching)하고 있습니다.
       ClCompile:
         c:\Program Files\Microsoft Visual Studio 10.0\VC\bin\CL.exe /c /ZI /nologo /W3 /WX- /Od /Oy- /D _MBCS /Gm /EHsc /RTC1 /MDd /GS /fp:precise /Zc:wchar_t /Zc:forScope /Fo"Debug\\" /Fd"Debug\vc100.pdb" /Gd /TC /analyze- /errorReport:prompt ..\..\..\..\..\..\..\cygwin\home\SocRobot\Manager\Manager.c ..\..\..\..\..\..\..\cygwin\home\SocRobot\Manager\main.c ..\..\..\..\..\..\..\cygwin\home\SocRobot\library\CommProc.c ..\..\..\..\..\..\..\cygwin\home\SocRobot\library\cam_disp.c ..\..\..\..\..\..\..\cygwin\home\SocRobot\library\pipeline_api.c ..\..\..\..\..\..\..\cygwin\home\SocRobot\library\uart_api.c
         uart_api.c
     1>c:\cygwin\home\socrobot\library\uart_api.c(10): fatal error C1083: 포함 파일을 열 수 없습니다. 'unistd.h': No such file or directory
         pipeline_api.c
     1>c:\cygwin\home\socrobot\library\pipeline_api.h(5): fatal error C1083: 포함 파일을 열 수 없습니다. 'unistd.h': No such file or directory
         cam_disp.c
     1>c:\cygwin\home\socrobot\library\cam_disp.c(10): fatal error C1083: 포함 파일을 열 수 없습니다. 'unistd.h': No such file or directory
         CommProc.c
     1>c:\cygwin\home\socrobot\library\pipeline_api.h(5): fatal error C1083: 포함 파일을 열 수 없습니다. 'unistd.h': No such file or directory
         main.c
     1>c:\cygwin\home\socrobot\library\pipeline_api.h(5): fatal error C1083: 포함 파일을 열 수 없습니다. 'unistd.h': No such file or directory
         Manager.c
     1>c:\cygwin\home\socrobot\library\pipeline_api.h(5): fatal error C1083: 포함 파일을 열 수 없습니다. 'unistd.h': No such file or directory
         코드를 생성하고 있습니다...
     1>"C:\cygwin\home\SocRobot\Manager\vsproject\Manager\Manager.vcxproj" 프로젝트를 빌드했습니다(build 대상). - 실패

빌드하지 못했습니다.

경과 시간: 00:00:00.30
