빌드 시작: 2013-10-05 오후 5:05:48
     1>2 노드의 "C:\cygwin\home\SocRobot\RobotBodyManager\vsproject\vsproject\vsproject.vcxproj" 프로젝트(build 대상)입니다.
     1>InitializeBuildStatus:
         "Debug\vsproject.unsuccessfulbuild"에 연결(touching)하고 있습니다.
       ClCompile:
         c:\Program Files\Microsoft Visual Studio 10.0\VC\bin\CL.exe /c /ZI /nologo /W3 /WX- /Od /Oy- /D WIN32 /D _DEBUG /D _CONSOLE /D _UNICODE /D UNICODE /Gm /EHsc /RTC1 /MDd /GS /fp:precise /Zc:wchar_t /Zc:forScope /Fo"Debug\\" /Fd"Debug\vc100.pdb" /Gd /TC /analyze- /errorReport:prompt ..\..\..\library\CommProc.c ..\..\..\library\cam_disp.c ..\..\..\library\pipeline_api.c ..\..\..\library\uart_api.c ..\..\CMessageCommManager.c ..\..\CRobotBodyManager.c ..\..\CRobotControlManager.c ..\..\CStateManager.c ..\..\CTimeManager.c ..\..\main.c
         main.c
     1>c:\cygwin\home\socrobot\robotbodymanager\main.c(4): fatal error C1083: 포함 파일을 열 수 없습니다. 'unistd.h': No such file or directory
         CTimeManager.c
     1>c:\cygwin\home\socrobot\robotbodymanager\ctimemanager.c : fatal error C1033: 'c:\cygwin\home\socrobot\robotbodymanager\vsproject\vsproject\debug\vc100.idb' 프로그램 데이터베이스를 열 수 없습니다.
         CStateManager.c
     1>c:\cygwin\home\socrobot\robotbodymanager\cstatemanager.c : fatal error C1033: 'c:\cygwin\home\socrobot\robotbodymanager\vsproject\vsproject\debug\vc100.idb' 프로그램 데이터베이스를 열 수 없습니다.
         CRobotControlManager.c
     1>c:\cygwin\home\socrobot\library\csingleton.h(3): error C2143: 구문 오류 : '{'이(가) '<' 앞에 없습니다.
     1>c:\cygwin\home\socrobot\library\csingleton.h(3): error C2059: 구문 오류 : '<'
     1>c:\cygwin\home\socrobot\library\csingleton.h(36): error C2143: 구문 오류 : '{'이(가) '<' 앞에 없습니다.
     1>c:\cygwin\home\socrobot\library\csingleton.h(36): error C2059: 구문 오류 : '<'
     1>c:\cygwin\home\socrobot\robotbodymanager\crobotcontrolmanager.h(12): error C2061: 구문 오류 : 식별자 'CRobotControlManager'
     1>c:\cygwin\home\socrobot\robotbodymanager\crobotcontrolmanager.h(12): error C2059: 구문 오류 : ';'
     1>c:\cygwin\home\socrobot\robotbodymanager\crobotcontrolmanager.h(12): error C2059: 구문 오류 : ':'
     1>c:\cygwin\home\socrobot\library\pipeline_api.h(5): fatal error C1083: 포함 파일을 열 수 없습니다. 'unistd.h': No such file or directory
         CRobotBodyManager.c
     1>c:\cygwin\home\socrobot\robotbodymanager\crobotbodymanager.h(6): fatal error C1083: 포함 파일을 열 수 없습니다. 'getopt.h': No such file or directory
         CMessageCommManager.c
     1>c:\cygwin\home\socrobot\library\csingleton.h(3): error C2143: 구문 오류 : '{'이(가) '<' 앞에 없습니다.
     1>c:\cygwin\home\socrobot\library\csingleton.h(3): error C2059: 구문 오류 : '<'
     1>c:\cygwin\home\socrobot\library\csingleton.h(36): error C2143: 구문 오류 : '{'이(가) '<' 앞에 없습니다.
     1>c:\cygwin\home\socrobot\library\csingleton.h(36): error C2059: 구문 오류 : '<'
     1>c:\cygwin\home\socrobot\library\pipeline_api.h(5): fatal error C1083: 포함 파일을 열 수 없습니다. 'unistd.h': No such file or directory
         uart_api.c
     1>c:\cygwin\home\socrobot\library\uart_api.c(10): fatal error C1083: 포함 파일을 열 수 없습니다. 'unistd.h': No such file or directory
         pipeline_api.c
     1>c:\cygwin\home\socrobot\library\pipeline_api.h(5): fatal error C1083: 포함 파일을 열 수 없습니다. 'unistd.h': No such file or directory
         cam_disp.c
     1>c:\cygwin\home\socrobot\library\cam_disp.c(10): fatal error C1083: 포함 파일을 열 수 없습니다. 'unistd.h': No such file or directory
         CommProc.c
     1>c:\cygwin\home\socrobot\library\pipeline_api.h(5): fatal error C1083: 포함 파일을 열 수 없습니다. 'unistd.h': No such file or directory
         코드를 생성하고 있습니다...
     1>"C:\cygwin\home\SocRobot\RobotBodyManager\vsproject\vsproject\vsproject.vcxproj" 프로젝트를 빌드했습니다(build 대상). - 실패

빌드하지 못했습니다.

경과 시간: 00:00:01.97
