Analysis & Synthesis report for SoCRobot
Sun Oct 13 03:12:29 2013
Quartus II 32-bit Version 13.0.1 Build 232 06/12/2013 Service Pack 1 SJ Web Edition


---------------------
; Table of Contents ;
---------------------
  1. Legal Notice
  2. Analysis & Synthesis Summary
  3. Analysis & Synthesis Settings
  4. Parallel Compilation
  5. Analysis & Synthesis Source Files Read
  6. Analysis & Synthesis Resource Usage Summary
  7. Analysis & Synthesis Resource Utilization by Entity
  8. Analysis & Synthesis RAM Summary
  9. Analysis & Synthesis IP Cores Summary
 10. Registers Removed During Synthesis
 11. General Register Statistics
 12. Inverted Register Statistics
 13. Multiplexer Restructuring Statistics (Restructuring Performed)
 14. Source assignments for RAM:RAM_inst|altsyncram:altsyncram_component|altsyncram_59g1:auto_generated
 15. Parameter Settings for User Entity Instance: Top-level Entity: |FPGA_Processing
 16. Parameter Settings for User Entity Instance: RAM:RAM_inst|altsyncram:altsyncram_component
 17. altsyncram Parameter Settings by Entity Instance
 18. Elapsed Time Per Partition
 19. Analysis & Synthesis Messages
 20. Analysis & Synthesis Suppressed Messages



----------------
; Legal Notice ;
----------------
Copyright (C) 1991-2013 Altera Corporation
Your use of Altera Corporation's design tools, logic functions 
and other software and tools, and its AMPP partner logic 
functions, and any output files from any of the foregoing 
(including device programming or simulation files), and any 
associated documentation or information are expressly subject 
to the terms and conditions of the Altera Program License 
Subscription Agreement, Altera MegaCore Function License 
Agreement, or other applicable license agreement, including, 
without limitation, that your use is for the sole purpose of 
programming logic devices manufactured by Altera and sold by 
Altera or its authorized distributors.  Please refer to the 
applicable agreement for further details.



+--------------------------------------------------------------------------------------+
; Analysis & Synthesis Summary                                                         ;
+------------------------------------+-------------------------------------------------+
; Analysis & Synthesis Status        ; Successful - Sun Oct 13 03:12:29 2013           ;
; Quartus II 32-bit Version          ; 13.0.1 Build 232 06/12/2013 SP 1 SJ Web Edition ;
; Revision Name                      ; SoCRobot                                        ;
; Top-level Entity Name              ; FPGA_Processing                                 ;
; Family                             ; Cyclone IV E                                    ;
; Total logic elements               ; 292                                             ;
;     Total combinational functions  ; 241                                             ;
;     Dedicated logic registers      ; 101                                             ;
; Total registers                    ; 101                                             ;
; Total pins                         ; 64                                              ;
; Total virtual pins                 ; 0                                               ;
; Total memory bits                  ; 1,048,576                                       ;
; Embedded Multiplier 9-bit elements ; 0                                               ;
; Total PLLs                         ; 0                                               ;
+------------------------------------+-------------------------------------------------+


+----------------------------------------------------------------------------------------------------------------------+
; Analysis & Synthesis Settings                                                                                        ;
+----------------------------------------------------------------------------+--------------------+--------------------+
; Option                                                                     ; Setting            ; Default Value      ;
+----------------------------------------------------------------------------+--------------------+--------------------+
; Device                                                                     ; EP4CE75U19I7       ;                    ;
; Top-level entity name                                                      ; FPGA_Processing    ; SoCRobot           ;
; Family name                                                                ; Cyclone IV E       ; Cyclone IV GX      ;
; Use smart compilation                                                      ; Off                ; Off                ;
; Enable parallel Assembler and TimeQuest Timing Analyzer during compilation ; On                 ; On                 ;
; Enable compact report table                                                ; Off                ; Off                ;
; Restructure Multiplexers                                                   ; Auto               ; Auto               ;
; Create Debugging Nodes for IP Cores                                        ; Off                ; Off                ;
; Preserve fewer node names                                                  ; On                 ; On                 ;
; Disable OpenCore Plus hardware evaluation                                  ; Off                ; Off                ;
; Verilog Version                                                            ; Verilog_2001       ; Verilog_2001       ;
; VHDL Version                                                               ; VHDL_1993          ; VHDL_1993          ;
; State Machine Processing                                                   ; Auto               ; Auto               ;
; Safe State Machine                                                         ; Off                ; Off                ;
; Extract Verilog State Machines                                             ; On                 ; On                 ;
; Extract VHDL State Machines                                                ; On                 ; On                 ;
; Ignore Verilog initial constructs                                          ; Off                ; Off                ;
; Iteration limit for constant Verilog loops                                 ; 5000               ; 5000               ;
; Iteration limit for non-constant Verilog loops                             ; 250                ; 250                ;
; Add Pass-Through Logic to Inferred RAMs                                    ; On                 ; On                 ;
; Infer RAMs from Raw Logic                                                  ; On                 ; On                 ;
; Parallel Synthesis                                                         ; On                 ; On                 ;
; DSP Block Balancing                                                        ; Auto               ; Auto               ;
; NOT Gate Push-Back                                                         ; On                 ; On                 ;
; Power-Up Don't Care                                                        ; On                 ; On                 ;
; Remove Redundant Logic Cells                                               ; Off                ; Off                ;
; Remove Duplicate Registers                                                 ; On                 ; On                 ;
; Ignore CARRY Buffers                                                       ; Off                ; Off                ;
; Ignore CASCADE Buffers                                                     ; Off                ; Off                ;
; Ignore GLOBAL Buffers                                                      ; Off                ; Off                ;
; Ignore ROW GLOBAL Buffers                                                  ; Off                ; Off                ;
; Ignore LCELL Buffers                                                       ; Off                ; Off                ;
; Ignore SOFT Buffers                                                        ; On                 ; On                 ;
; Limit AHDL Integers to 32 Bits                                             ; Off                ; Off                ;
; Optimization Technique                                                     ; Balanced           ; Balanced           ;
; Carry Chain Length                                                         ; 70                 ; 70                 ;
; Auto Carry Chains                                                          ; On                 ; On                 ;
; Auto Open-Drain Pins                                                       ; On                 ; On                 ;
; Perform WYSIWYG Primitive Resynthesis                                      ; Off                ; Off                ;
; Auto ROM Replacement                                                       ; On                 ; On                 ;
; Auto RAM Replacement                                                       ; On                 ; On                 ;
; Auto DSP Block Replacement                                                 ; On                 ; On                 ;
; Auto Shift Register Replacement                                            ; Auto               ; Auto               ;
; Allow Shift Register Merging across Hierarchies                            ; Auto               ; Auto               ;
; Auto Clock Enable Replacement                                              ; On                 ; On                 ;
; Strict RAM Replacement                                                     ; Off                ; Off                ;
; Allow Synchronous Control Signals                                          ; On                 ; On                 ;
; Force Use of Synchronous Clear Signals                                     ; Off                ; Off                ;
; Auto RAM Block Balancing                                                   ; On                 ; On                 ;
; Auto RAM to Logic Cell Conversion                                          ; Off                ; Off                ;
; Auto Resource Sharing                                                      ; Off                ; Off                ;
; Allow Any RAM Size For Recognition                                         ; Off                ; Off                ;
; Allow Any ROM Size For Recognition                                         ; Off                ; Off                ;
; Allow Any Shift Register Size For Recognition                              ; Off                ; Off                ;
; Use LogicLock Constraints during Resource Balancing                        ; On                 ; On                 ;
; Ignore translate_off and synthesis_off directives                          ; Off                ; Off                ;
; Timing-Driven Synthesis                                                    ; On                 ; On                 ;
; Report Parameter Settings                                                  ; On                 ; On                 ;
; Report Source Assignments                                                  ; On                 ; On                 ;
; Report Connectivity Checks                                                 ; On                 ; On                 ;
; Ignore Maximum Fan-Out Assignments                                         ; Off                ; Off                ;
; Synchronization Register Chain Length                                      ; 2                  ; 2                  ;
; PowerPlay Power Optimization                                               ; Normal compilation ; Normal compilation ;
; HDL message level                                                          ; Level2             ; Level2             ;
; Suppress Register Optimization Related Messages                            ; Off                ; Off                ;
; Number of Removed Registers Reported in Synthesis Report                   ; 5000               ; 5000               ;
; Number of Swept Nodes Reported in Synthesis Report                         ; 5000               ; 5000               ;
; Number of Inverted Registers Reported in Synthesis Report                  ; 100                ; 100                ;
; Clock MUX Protection                                                       ; On                 ; On                 ;
; Auto Gated Clock Conversion                                                ; Off                ; Off                ;
; Block Design Naming                                                        ; Auto               ; Auto               ;
; SDC constraint protection                                                  ; Off                ; Off                ;
; Synthesis Effort                                                           ; Auto               ; Auto               ;
; Shift Register Replacement - Allow Asynchronous Clear Signal               ; On                 ; On                 ;
; Pre-Mapping Resynthesis Optimization                                       ; Off                ; Off                ;
; Analysis & Synthesis Message Level                                         ; Medium             ; Medium             ;
; Disable Register Merging Across Hierarchies                                ; Auto               ; Auto               ;
; Resource Aware Inference For Block RAM                                     ; On                 ; On                 ;
; Synthesis Seed                                                             ; 1                  ; 1                  ;
+----------------------------------------------------------------------------+--------------------+--------------------+


Parallel compilation was disabled, but you have multiple processors available. Enable parallel compilation to reduce compilation time.
+-------------------------------------+
; Parallel Compilation                ;
+----------------------------+--------+
; Processors                 ; Number ;
+----------------------------+--------+
; Number detected on machine ; 4      ;
; Maximum allowed            ; 1      ;
+----------------------------+--------+


+-----------------------------------------------------------------------------------------------------------------------------------------------------------------------+
; Analysis & Synthesis Source Files Read                                                                                                                                ;
+----------------------------------+-----------------+------------------------------+-------------------------------------------------------------------------+---------+
; File Name with User-Entered Path ; Used in Netlist ; File Type                    ; File Name with Absolute Path                                            ; Library ;
+----------------------------------+-----------------+------------------------------+-------------------------------------------------------------------------+---------+
; FPGA_Processing.v                ; yes             ; User Verilog HDL File        ; C:/cygwin/home/SocRobot/FPGA_Processing/FPGA_Processing.v               ;         ;
; RAM.v                            ; yes             ; User Wizard-Generated File   ; C:/cygwin/home/SocRobot/FPGA_Processing/RAM.v                           ;         ;
; altsyncram.tdf                   ; yes             ; Megafunction                 ; c:/altera/13.0sp1/quartus/libraries/megafunctions/altsyncram.tdf        ;         ;
; stratix_ram_block.inc            ; yes             ; Megafunction                 ; c:/altera/13.0sp1/quartus/libraries/megafunctions/stratix_ram_block.inc ;         ;
; lpm_mux.inc                      ; yes             ; Megafunction                 ; c:/altera/13.0sp1/quartus/libraries/megafunctions/lpm_mux.inc           ;         ;
; lpm_decode.inc                   ; yes             ; Megafunction                 ; c:/altera/13.0sp1/quartus/libraries/megafunctions/lpm_decode.inc        ;         ;
; aglobal130.inc                   ; yes             ; Megafunction                 ; c:/altera/13.0sp1/quartus/libraries/megafunctions/aglobal130.inc        ;         ;
; a_rdenreg.inc                    ; yes             ; Megafunction                 ; c:/altera/13.0sp1/quartus/libraries/megafunctions/a_rdenreg.inc         ;         ;
; altrom.inc                       ; yes             ; Megafunction                 ; c:/altera/13.0sp1/quartus/libraries/megafunctions/altrom.inc            ;         ;
; altram.inc                       ; yes             ; Megafunction                 ; c:/altera/13.0sp1/quartus/libraries/megafunctions/altram.inc            ;         ;
; altdpram.inc                     ; yes             ; Megafunction                 ; c:/altera/13.0sp1/quartus/libraries/megafunctions/altdpram.inc          ;         ;
; db/altsyncram_59g1.tdf           ; yes             ; Auto-Generated Megafunction  ; C:/cygwin/home/SocRobot/FPGA_Processing/db/altsyncram_59g1.tdf          ;         ;
; db/decode_rsa.tdf                ; yes             ; Auto-Generated Megafunction  ; C:/cygwin/home/SocRobot/FPGA_Processing/db/decode_rsa.tdf               ;         ;
; db/mux_qob.tdf                   ; yes             ; Auto-Generated Megafunction  ; C:/cygwin/home/SocRobot/FPGA_Processing/db/mux_qob.tdf                  ;         ;
+----------------------------------+-----------------+------------------------------+-------------------------------------------------------------------------+---------+


+--------------------------------------------------------------+
; Analysis & Synthesis Resource Usage Summary                  ;
+---------------------------------------------+----------------+
; Resource                                    ; Usage          ;
+---------------------------------------------+----------------+
; Estimated Total logic elements              ; 292            ;
;                                             ;                ;
; Total combinational functions               ; 241            ;
; Logic element usage by number of LUT inputs ;                ;
;     -- 4 input functions                    ; 157            ;
;     -- 3 input functions                    ; 37             ;
;     -- <=2 input functions                  ; 47             ;
;                                             ;                ;
; Logic elements by mode                      ;                ;
;     -- normal mode                          ; 223            ;
;     -- arithmetic mode                      ; 18             ;
;                                             ;                ;
; Total registers                             ; 101            ;
;     -- Dedicated logic registers            ; 101            ;
;     -- I/O registers                        ; 0              ;
;                                             ;                ;
; I/O pins                                    ; 64             ;
; Total memory bits                           ; 1048576        ;
; Embedded Multiplier 9-bit elements          ; 0              ;
; Maximum fan-out node                        ; clk_lsdr~input ;
; Maximum fan-out                             ; 156            ;
; Total fan-out                               ; 3612           ;
; Average fan-out                             ; 5.88           ;
+---------------------------------------------+----------------+


+--------------------------------------------------------------------------------------------------------------------------------------------------------------------------------------------------------------------------------------------------------------------------------------------+
; Analysis & Synthesis Resource Utilization by Entity                                                                                                                                                                                                                                        ;
+-------------------------------------------+-------------------+--------------+-------------+--------------+---------+-----------+------+--------------+---------------------------------------------------------------------------------------------------------------------+--------------+
; Compilation Hierarchy Node                ; LC Combinationals ; LC Registers ; Memory Bits ; DSP Elements ; DSP 9x9 ; DSP 18x18 ; Pins ; Virtual Pins ; Full Hierarchy Name                                                                                                 ; Library Name ;
+-------------------------------------------+-------------------+--------------+-------------+--------------+---------+-----------+------+--------------+---------------------------------------------------------------------------------------------------------------------+--------------+
; |FPGA_Processing                          ; 241 (144)         ; 101 (93)     ; 1048576     ; 0            ; 0       ; 0         ; 64   ; 0            ; |FPGA_Processing                                                                                                    ; work         ;
;    |RAM:RAM_inst|                         ; 97 (0)            ; 8 (0)        ; 1048576     ; 0            ; 0       ; 0         ; 0    ; 0            ; |FPGA_Processing|RAM:RAM_inst                                                                                       ; work         ;
;       |altsyncram:altsyncram_component|   ; 97 (0)            ; 8 (0)        ; 1048576     ; 0            ; 0       ; 0         ; 0    ; 0            ; |FPGA_Processing|RAM:RAM_inst|altsyncram:altsyncram_component                                                       ; work         ;
;          |altsyncram_59g1:auto_generated| ; 97 (1)            ; 8 (8)        ; 1048576     ; 0            ; 0       ; 0         ; 0    ; 0            ; |FPGA_Processing|RAM:RAM_inst|altsyncram:altsyncram_component|altsyncram_59g1:auto_generated                        ; work         ;
;             |decode_rsa:decode3|          ; 8 (8)             ; 0 (0)        ; 0           ; 0            ; 0       ; 0         ; 0    ; 0            ; |FPGA_Processing|RAM:RAM_inst|altsyncram:altsyncram_component|altsyncram_59g1:auto_generated|decode_rsa:decode3     ; work         ;
;             |decode_rsa:rden_decode|      ; 8 (8)             ; 0 (0)        ; 0           ; 0            ; 0       ; 0         ; 0    ; 0            ; |FPGA_Processing|RAM:RAM_inst|altsyncram:altsyncram_component|altsyncram_59g1:auto_generated|decode_rsa:rden_decode ; work         ;
;             |mux_qob:mux2|                ; 80 (80)           ; 0 (0)        ; 0           ; 0            ; 0       ; 0         ; 0    ; 0            ; |FPGA_Processing|RAM:RAM_inst|altsyncram:altsyncram_component|altsyncram_59g1:auto_generated|mux_qob:mux2           ; work         ;
+-------------------------------------------+-------------------+--------------+-------------+--------------+---------+-----------+------+--------------+---------------------------------------------------------------------------------------------------------------------+--------------+
Note: For table entries with two numbers listed, the numbers in parentheses indicate the number of resources of the given type used by the specific entity alone. The numbers listed outside of parentheses indicate the total resources of the given type used by the specific entity and all of its sub-entities in the hierarchy.


+------------------------------------------------------------------------------------------------------------------------------------------------------------------------------------------+
; Analysis & Synthesis RAM Summary                                                                                                                                                         ;
+----------------------------------------------------------------------------------------+------+-------------+--------------+--------------+--------------+--------------+---------+------+
; Name                                                                                   ; Type ; Mode        ; Port A Depth ; Port A Width ; Port B Depth ; Port B Width ; Size    ; MIF  ;
+----------------------------------------------------------------------------------------+------+-------------+--------------+--------------+--------------+--------------+---------+------+
; RAM:RAM_inst|altsyncram:altsyncram_component|altsyncram_59g1:auto_generated|ALTSYNCRAM ; AUTO ; Single Port ; 65536        ; 16           ; --           ; --           ; 1048576 ; None ;
+----------------------------------------------------------------------------------------+------+-------------+--------------+--------------+--------------+--------------+---------+------+


+-----------------------------------------------------------------------------------------------------------------------------------------------+
; Analysis & Synthesis IP Cores Summary                                                                                                         ;
+--------+--------------+---------+--------------+--------------+-------------------------------+-----------------------------------------------+
; Vendor ; IP Core Name ; Version ; Release Date ; License Type ; Entity Instance               ; IP Include File                               ;
+--------+--------------+---------+--------------+--------------+-------------------------------+-----------------------------------------------+
; Altera ; RAM: 1-PORT  ; 11.0    ; N/A          ; N/A          ; |FPGA_Processing|RAM:RAM_inst ; C:/cygwin/home/SocRobot/FPGA_Processing/RAM.v ;
+--------+--------------+---------+--------------+--------------+-------------------------------+-----------------------------------------------+


+------------------------------------------------------------------+
; Registers Removed During Synthesis                               ;
+----------------------------------------+-------------------------+
; Register name                          ; Reason for Removal      ;
+----------------------------------------+-------------------------+
; R_temp[13..16]                         ; Merged with R_temp[17]  ;
; G_temp[12..16]                         ; Merged with G_temp[17]  ;
; B_temp[13..16]                         ; Merged with B_temp[17]  ;
; R_int[13..16]                          ; Merged with R_int[17]   ;
; G_int[12..16]                          ; Merged with G_int[17]   ;
; B_int[13..16]                          ; Merged with B_int[17]   ;
; Cb_Data2[7]                            ; Merged with Cb_Data1[7] ;
; Cb_Data2[6]                            ; Merged with Cb_Data1[6] ;
; Cb_Data2[5]                            ; Merged with Cb_Data1[5] ;
; Cb_Data2[4]                            ; Merged with Cb_Data1[4] ;
; Cb_Data2[3]                            ; Merged with Cb_Data1[3] ;
; Cb_Data2[2]                            ; Merged with Cb_Data1[2] ;
; Cb_Data2[1]                            ; Merged with Cb_Data1[1] ;
; Cb_Data2[0]                            ; Merged with Cb_Data1[0] ;
; B_temp[19,20]                          ; Merged with B_temp[18]  ;
; G_temp[18..20]                         ; Merged with B_temp[18]  ;
; R_temp[18..20]                         ; Merged with B_temp[18]  ;
; B_int[19,20]                           ; Merged with B_int[18]   ;
; G_int[18..20]                          ; Merged with B_int[18]   ;
; R_int[18..20]                          ; Merged with B_int[18]   ;
; vdata[12..15]                          ; Merged with vdata[11]   ;
; vdata[5..9]                            ; Merged with vdata[10]   ;
; vdata[1..4]                            ; Merged with vdata[0]    ;
; Cr_Data2[7]                            ; Merged with Cr_Data1[7] ;
; Cr_Data2[6]                            ; Merged with Cr_Data1[6] ;
; Cr_Data2[5]                            ; Merged with Cr_Data1[5] ;
; Cr_Data2[4]                            ; Merged with Cr_Data1[4] ;
; Cr_Data2[3]                            ; Merged with Cr_Data1[3] ;
; Cr_Data2[2]                            ; Merged with Cr_Data1[2] ;
; Cr_Data2[1]                            ; Merged with Cr_Data1[1] ;
; Cr_Data2[0]                            ; Merged with Cr_Data1[0] ;
; Total Number of Removed Registers = 71 ;                         ;
+----------------------------------------+-------------------------+


+------------------------------------------------------+
; General Register Statistics                          ;
+----------------------------------------------+-------+
; Statistic                                    ; Value ;
+----------------------------------------------+-------+
; Total registers                              ; 101   ;
; Number of registers using Synchronous Clear  ; 15    ;
; Number of registers using Synchronous Load   ; 0     ;
; Number of registers using Asynchronous Clear ; 92    ;
; Number of registers using Asynchronous Load  ; 0     ;
; Number of registers using Clock Enable       ; 60    ;
; Number of registers using Preset             ; 0     ;
+----------------------------------------------+-------+


+--------------------------------------------------+
; Inverted Register Statistics                     ;
+----------------------------------------+---------+
; Inverted Register                      ; Fan out ;
+----------------------------------------+---------+
; vpo_wrxd3                              ; 5       ;
; vpo_wrxd1                              ; 6       ;
; cs[0]                                  ; 4       ;
; vpo_wrxd2                              ; 1       ;
; B_temp[17]                             ; 2       ;
; G_temp[17]                             ; 1       ;
; R_temp[17]                             ; 1       ;
; Total number of inverted registers = 7 ;         ;
+----------------------------------------+---------+


+-------------------------------------------------------------------------------------------------------------------------------------------+
; Multiplexer Restructuring Statistics (Restructuring Performed)                                                                            ;
+--------------------+-----------+---------------+----------------------+------------------------+------------+-----------------------------+
; Multiplexer Inputs ; Bus Width ; Baseline Area ; Area if Restructured ; Saving if Restructured ; Registered ; Example Multiplexer Output  ;
+--------------------+-----------+---------------+----------------------+------------------------+------------+-----------------------------+
; 3:1                ; 15 bits   ; 30 LEs        ; 15 LEs               ; 15 LEs                 ; Yes        ; |FPGA_Processing|vadr[9]    ;
; 7:1                ; 2 bits    ; 8 LEs         ; 8 LEs                ; 0 LEs                  ; Yes        ; |FPGA_Processing|R_temp[17] ;
; 3:1                ; 2 bits    ; 4 LEs         ; 2 LEs                ; 2 LEs                  ; No         ; |FPGA_Processing|ns         ;
+--------------------+-----------+---------------+----------------------+------------------------+------------+-----------------------------+


+----------------------------------------------------------------------------------------------------+
; Source assignments for RAM:RAM_inst|altsyncram:altsyncram_component|altsyncram_59g1:auto_generated ;
+---------------------------------+--------------------+------+--------------------------------------+
; Assignment                      ; Value              ; From ; To                                   ;
+---------------------------------+--------------------+------+--------------------------------------+
; OPTIMIZE_POWER_DURING_SYNTHESIS ; NORMAL_COMPILATION ; -    ; -                                    ;
+---------------------------------+--------------------+------+--------------------------------------+


+---------------------------------------------------------------------------------+
; Parameter Settings for User Entity Instance: Top-level Entity: |FPGA_Processing ;
+----------------+---------+------------------------------------------------------+
; Parameter Name ; Value   ; Type                                                 ;
+----------------+---------+------------------------------------------------------+
; s0             ; 0000001 ; Unsigned Binary                                      ;
; s1             ; 0000010 ; Unsigned Binary                                      ;
; s2             ; 0000100 ; Unsigned Binary                                      ;
; s3             ; 0001000 ; Unsigned Binary                                      ;
; s4             ; 0010000 ; Unsigned Binary                                      ;
; s5             ; 0100000 ; Unsigned Binary                                      ;
; s6             ; 1000000 ; Unsigned Binary                                      ;
+----------------+---------+------------------------------------------------------+
Note: In order to hide this table in the UI and the text report file, please set the "Show Parameter Settings in Synthesis Report" option in "Analysis and Synthesis Settings -> More Settings" to "Off".


+-------------------------------------------------------------------------------------------+
; Parameter Settings for User Entity Instance: RAM:RAM_inst|altsyncram:altsyncram_component ;
+------------------------------------+----------------------+-------------------------------+
; Parameter Name                     ; Value                ; Type                          ;
+------------------------------------+----------------------+-------------------------------+
; BYTE_SIZE_BLOCK                    ; 8                    ; Untyped                       ;
; AUTO_CARRY_CHAINS                  ; ON                   ; AUTO_CARRY                    ;
; IGNORE_CARRY_BUFFERS               ; OFF                  ; IGNORE_CARRY                  ;
; AUTO_CASCADE_CHAINS                ; ON                   ; AUTO_CASCADE                  ;
; IGNORE_CASCADE_BUFFERS             ; OFF                  ; IGNORE_CASCADE                ;
; WIDTH_BYTEENA                      ; 1                    ; Untyped                       ;
; OPERATION_MODE                     ; SINGLE_PORT          ; Untyped                       ;
; WIDTH_A                            ; 16                   ; Signed Integer                ;
; WIDTHAD_A                          ; 16                   ; Signed Integer                ;
; NUMWORDS_A                         ; 65536                ; Signed Integer                ;
; OUTDATA_REG_A                      ; CLOCK0               ; Untyped                       ;
; ADDRESS_ACLR_A                     ; NONE                 ; Untyped                       ;
; OUTDATA_ACLR_A                     ; NONE                 ; Untyped                       ;
; WRCONTROL_ACLR_A                   ; NONE                 ; Untyped                       ;
; INDATA_ACLR_A                      ; NONE                 ; Untyped                       ;
; BYTEENA_ACLR_A                     ; NONE                 ; Untyped                       ;
; WIDTH_B                            ; 1                    ; Untyped                       ;
; WIDTHAD_B                          ; 1                    ; Untyped                       ;
; NUMWORDS_B                         ; 1                    ; Untyped                       ;
; INDATA_REG_B                       ; CLOCK1               ; Untyped                       ;
; WRCONTROL_WRADDRESS_REG_B          ; CLOCK1               ; Untyped                       ;
; RDCONTROL_REG_B                    ; CLOCK1               ; Untyped                       ;
; ADDRESS_REG_B                      ; CLOCK1               ; Untyped                       ;
; OUTDATA_REG_B                      ; UNREGISTERED         ; Untyped                       ;
; BYTEENA_REG_B                      ; CLOCK1               ; Untyped                       ;
; INDATA_ACLR_B                      ; NONE                 ; Untyped                       ;
; WRCONTROL_ACLR_B                   ; NONE                 ; Untyped                       ;
; ADDRESS_ACLR_B                     ; NONE                 ; Untyped                       ;
; OUTDATA_ACLR_B                     ; NONE                 ; Untyped                       ;
; RDCONTROL_ACLR_B                   ; NONE                 ; Untyped                       ;
; BYTEENA_ACLR_B                     ; NONE                 ; Untyped                       ;
; WIDTH_BYTEENA_A                    ; 1                    ; Signed Integer                ;
; WIDTH_BYTEENA_B                    ; 1                    ; Untyped                       ;
; RAM_BLOCK_TYPE                     ; AUTO                 ; Untyped                       ;
; BYTE_SIZE                          ; 8                    ; Untyped                       ;
; READ_DURING_WRITE_MODE_MIXED_PORTS ; DONT_CARE            ; Untyped                       ;
; READ_DURING_WRITE_MODE_PORT_A      ; NEW_DATA_NO_NBE_READ ; Untyped                       ;
; READ_DURING_WRITE_MODE_PORT_B      ; NEW_DATA_NO_NBE_READ ; Untyped                       ;
; INIT_FILE                          ; UNUSED               ; Untyped                       ;
; INIT_FILE_LAYOUT                   ; PORT_A               ; Untyped                       ;
; MAXIMUM_DEPTH                      ; 0                    ; Untyped                       ;
; CLOCK_ENABLE_INPUT_A               ; BYPASS               ; Untyped                       ;
; CLOCK_ENABLE_INPUT_B               ; NORMAL               ; Untyped                       ;
; CLOCK_ENABLE_OUTPUT_A              ; BYPASS               ; Untyped                       ;
; CLOCK_ENABLE_OUTPUT_B              ; NORMAL               ; Untyped                       ;
; CLOCK_ENABLE_CORE_A                ; USE_INPUT_CLKEN      ; Untyped                       ;
; CLOCK_ENABLE_CORE_B                ; USE_INPUT_CLKEN      ; Untyped                       ;
; ENABLE_ECC                         ; FALSE                ; Untyped                       ;
; ECC_PIPELINE_STAGE_ENABLED         ; FALSE                ; Untyped                       ;
; WIDTH_ECCSTATUS                    ; 3                    ; Untyped                       ;
; DEVICE_FAMILY                      ; Cyclone IV E         ; Untyped                       ;
; CBXI_PARAMETER                     ; altsyncram_59g1      ; Untyped                       ;
+------------------------------------+----------------------+-------------------------------+
Note: In order to hide this table in the UI and the text report file, please set the "Show Parameter Settings in Synthesis Report" option in "Analysis and Synthesis Settings -> More Settings" to "Off".


+------------------------------------------------------------------------------------------+
; altsyncram Parameter Settings by Entity Instance                                         ;
+-------------------------------------------+----------------------------------------------+
; Name                                      ; Value                                        ;
+-------------------------------------------+----------------------------------------------+
; Number of entity instances                ; 1                                            ;
; Entity Instance                           ; RAM:RAM_inst|altsyncram:altsyncram_component ;
;     -- OPERATION_MODE                     ; SINGLE_PORT                                  ;
;     -- WIDTH_A                            ; 16                                           ;
;     -- NUMWORDS_A                         ; 65536                                        ;
;     -- OUTDATA_REG_A                      ; CLOCK0                                       ;
;     -- WIDTH_B                            ; 1                                            ;
;     -- NUMWORDS_B                         ; 1                                            ;
;     -- ADDRESS_REG_B                      ; CLOCK1                                       ;
;     -- OUTDATA_REG_B                      ; UNREGISTERED                                 ;
;     -- RAM_BLOCK_TYPE                     ; AUTO                                         ;
;     -- READ_DURING_WRITE_MODE_MIXED_PORTS ; DONT_CARE                                    ;
+-------------------------------------------+----------------------------------------------+


+-------------------------------+
; Elapsed Time Per Partition    ;
+----------------+--------------+
; Partition Name ; Elapsed Time ;
+----------------+--------------+
; Top            ; 00:00:02     ;
+----------------+--------------+


+-------------------------------+
; Analysis & Synthesis Messages ;
+-------------------------------+
Info: *******************************************************************
Info: Running Quartus II 32-bit Analysis & Synthesis
    Info: Version 13.0.1 Build 232 06/12/2013 Service Pack 1 SJ Web Edition
    Info: Processing started: Sun Oct 13 03:12:19 2013
Info: Command: quartus_map --read_settings_files=on --write_settings_files=off SoCRobot -c SoCRobot
Warning (20028): Parallel compilation is not licensed and has been disabled
Info (12021): Found 1 design units, including 1 entities, in source file fpga_processing.v
    Info (12023): Found entity 1: FPGA_Processing
Info (12021): Found 1 design units, including 1 entities, in source file ram.v
    Info (12023): Found entity 1: RAM
Info (12127): Elaborating entity "FPGA_Processing" for the top level hierarchy
Warning (10240): Verilog HDL Always Construct warning at FPGA_Processing.v(274): inferring latch(es) for variable "vadr", which holds its previous value in one or more paths through the always construct
Warning (10235): Verilog HDL Always Construct warning at FPGA_Processing.v(352): variable "vdd" is read inside the Always Construct but isn't in the Always Construct's Event Control
Warning (10766): Verilog HDL Synthesis Attribute warning at FPGA_Processing.v(352): ignoring full_case attribute on case statement with explicit default case item
Warning (10230): Verilog HDL assignment warning at FPGA_Processing.v(395): truncated value with size 18 to match size of target (16)
Info (12128): Elaborating entity "RAM" for hierarchy "RAM:RAM_inst"
Info (12128): Elaborating entity "altsyncram" for hierarchy "RAM:RAM_inst|altsyncram:altsyncram_component"
Info (12130): Elaborated megafunction instantiation "RAM:RAM_inst|altsyncram:altsyncram_component"
Info (12133): Instantiated megafunction "RAM:RAM_inst|altsyncram:altsyncram_component" with the following parameter:
    Info (12134): Parameter "clock_enable_input_a" = "BYPASS"
    Info (12134): Parameter "clock_enable_output_a" = "BYPASS"
    Info (12134): Parameter "intended_device_family" = "Cyclone IV E"
    Info (12134): Parameter "lpm_hint" = "ENABLE_RUNTIME_MOD=NO"
    Info (12134): Parameter "lpm_type" = "altsyncram"
    Info (12134): Parameter "numwords_a" = "65536"
    Info (12134): Parameter "operation_mode" = "SINGLE_PORT"
    Info (12134): Parameter "outdata_aclr_a" = "NONE"
    Info (12134): Parameter "outdata_reg_a" = "CLOCK0"
    Info (12134): Parameter "power_up_uninitialized" = "FALSE"
    Info (12134): Parameter "read_during_write_mode_port_a" = "NEW_DATA_NO_NBE_READ"
    Info (12134): Parameter "widthad_a" = "16"
    Info (12134): Parameter "width_a" = "16"
    Info (12134): Parameter "width_byteena_a" = "1"
Info (12021): Found 1 design units, including 1 entities, in source file db/altsyncram_59g1.tdf
    Info (12023): Found entity 1: altsyncram_59g1
Info (12128): Elaborating entity "altsyncram_59g1" for hierarchy "RAM:RAM_inst|altsyncram:altsyncram_component|altsyncram_59g1:auto_generated"
Info (12021): Found 1 design units, including 1 entities, in source file db/decode_rsa.tdf
    Info (12023): Found entity 1: decode_rsa
Info (12128): Elaborating entity "decode_rsa" for hierarchy "RAM:RAM_inst|altsyncram:altsyncram_component|altsyncram_59g1:auto_generated|decode_rsa:decode3"
Info (12021): Found 1 design units, including 1 entities, in source file db/mux_qob.tdf
    Info (12023): Found entity 1: mux_qob
Info (12128): Elaborating entity "mux_qob" for hierarchy "RAM:RAM_inst|altsyncram:altsyncram_component|altsyncram_59g1:auto_generated|mux_qob:mux2"
Warning (13046): Tri-state node(s) do not directly drive top-level pin(s)
    Warning (13049): Converted tri-state buffer "vmem_data[8]" feeding internal logic into a wire
    Warning (13049): Converted tri-state buffer "vmem_data[7]" feeding internal logic into a wire
    Warning (13049): Converted tri-state buffer "vmem_data[6]" feeding internal logic into a wire
    Warning (13049): Converted tri-state buffer "vmem_data[15]" feeding internal logic into a wire
    Warning (13049): Converted tri-state buffer "vmem_data[14]" feeding internal logic into a wire
    Warning (13049): Converted tri-state buffer "vmem_data[13]" feeding internal logic into a wire
    Warning (13049): Converted tri-state buffer "vmem_data[12]" feeding internal logic into a wire
    Warning (13049): Converted tri-state buffer "vmem_data[11]" feeding internal logic into a wire
    Warning (13049): Converted tri-state buffer "vmem_data[0]" feeding internal logic into a wire
    Warning (13049): Converted tri-state buffer "vmem_data[10]" feeding internal logic into a wire
    Warning (13049): Converted tri-state buffer "vmem_data[1]" feeding internal logic into a wire
    Warning (13049): Converted tri-state buffer "vmem_data[9]" feeding internal logic into a wire
    Warning (13049): Converted tri-state buffer "vmem_data[2]" feeding internal logic into a wire
    Warning (13049): Converted tri-state buffer "vmem_data[3]" feeding internal logic into a wire
    Warning (13049): Converted tri-state buffer "vmem_data[4]" feeding internal logic into a wire
    Warning (13049): Converted tri-state buffer "vmem_data[5]" feeding internal logic into a wire
Info (13000): Registers with preset signals will power-up high
Info (13003): DEV_CLRn pin will set, and not reset, register with preset signal due to NOT Gate Push-Back
Info (286030): Timing-Driven Synthesis is running
Info (144001): Generated suppressed messages file C:/cygwin/home/SocRobot/FPGA_Processing/SoCRobot.map.smsg
Info (16010): Generating hard_block partition "hard_block:auto_generated_inst"
    Info (16011): Adding 0 node(s), including 0 DDIO, 0 PLL, 0 transceiver and 0 LCELL
Warning (21074): Design contains 10 input pin(s) that do not drive logic
    Warning (15610): No output dependent on input pin "vpo[0]"
    Warning (15610): No output dependent on input pin "vpo[1]"
    Warning (15610): No output dependent on input pin "vpo[2]"
    Warning (15610): No output dependent on input pin "vpo[3]"
    Warning (15610): No output dependent on input pin "vpo[4]"
    Warning (15610): No output dependent on input pin "vpo[5]"
    Warning (15610): No output dependent on input pin "vpo[6]"
    Warning (15610): No output dependent on input pin "vpo[7]"
    Warning (15610): No output dependent on input pin "eamem_adr[16]"
    Warning (15610): No output dependent on input pin "eamem_adr[17]"
Info (21057): Implemented 488 device resources after synthesis - the final resource count might be different
    Info (21058): Implemented 44 input pins
    Info (21059): Implemented 4 output pins
    Info (21060): Implemented 16 bidirectional pins
    Info (21061): Implemented 296 logic cells
    Info (21064): Implemented 128 RAM segments
Info: Quartus II 32-bit Analysis & Synthesis was successful. 0 errors, 33 warnings
    Info: Peak virtual memory: 356 megabytes
    Info: Processing ended: Sun Oct 13 03:12:29 2013
    Info: Elapsed time: 00:00:10
    Info: Total CPU time (on all processors): 00:00:05


+------------------------------------------+
; Analysis & Synthesis Suppressed Messages ;
+------------------------------------------+
The suppressed messages can be found in C:/cygwin/home/SocRobot/FPGA_Processing/SoCRobot.map.smsg.


